2025-09-24 13:33:00 | DEBUG | repo=arquillian-phantom-driver | action=commit
2025-08-04 14:48:00 | WARN | repo=arquillian-phantom-driver | action=pull
2025-04-28 15:14:00 | WARN | repo=arquillian-phantom-driver | action=commit
2025-01-02 20:11:00 | WARN | repo=arquillian-phantom-driver | action=commit
2025-12-06 17:22:00 | DEBUG | repo=arquillian-phantom-driver | action=commit
2025-03-12 08:59:00 | INFO | repo=arquillian-phantom-driver | action=commit
2025-03-08 20:07:00 | WARN | repo=arquillian-phantom-driver | action=commit
2025-07-12 11:10:00 | WARN | repo=arquillian-phantom-driver | action=test | passed=true
2025-09-27 16:35:00 | WARN | repo=arquillian-phantom-driver | action=commit
2025-04-26 18:14:00 | INFO | repo=arquillian-phantom-driver | action=edit | files=5
2025-06-04 07:31:00 | DEBUG | repo=arquillian-phantom-driver | action=commit
2025-03-03 18:20:00 | INFO | repo=arquillian-phantom-driver | action=commit
2025-11-24 20:23:00 | DEBUG | repo=arquillian-phantom-driver | action=commit
2025-06-16 19:27:00 | INFO | repo=arquillian-phantom-driver | action=commit
2025-12-01 10:10:00 | INFO | repo=arquillian-phantom-driver | action=commit
2025-06-19 16:00:00 | INFO | repo=arquillian-phantom-driver | action=commit
2025-06-17 21:10:00 | INFO | repo=arquillian-phantom-driver | action=commit
2025-05-27 07:39:00 | DEBUG | repo=arquillian-phantom-driver | action=commit
2025-01-28 16:33:00 | DEBUG | repo=arquillian-phantom-driver | action=commit
2025-01-15 10:26:00 | INFO | repo=arquillian-phantom-driver | action=pull
2025-12-19 16:35:00 | WARN | repo=arquillian-phantom-driver | action=edit | files=1
2025-07-08 10:01:00 | INFO | repo=arquillian-phantom-driver | action=test | passed=true
2025-03-06 16:48:00 | DEBUG | repo=arquillian-phantom-driver | action=commit
2025-10-07 10:22:00 | DEBUG | repo=arquillian-phantom-driver | action=commit
2025-09-10 14:22:00 | WARN | repo=arquillian-phantom-driver | action=commit
2025-11-25 21:47:00 | WARN | repo=arquillian-phantom-driver | action=test | passed=true
2025-11-22 16:07:00 | DEBUG | repo=arquillian-phantom-driver | action=test | passed=true
2025-09-12 08:41:00 | WARN | repo=arquillian-phantom-driver | action=edit | files=5
2025-01-24 07:04:00 | INFO | repo=arquillian-phantom-driver | action=commit
2025-10-20 19:41:00 | DEBUG | repo=arquillian-phantom-driver | action=commit
2025-12-22 07:08:00 | WARN | repo=arquillian-phantom-driver | action=commit
2025-01-19 17:09:00 | INFO | repo=arquillian-phantom-driver | action=commit
2025-05-20 09:47:00 | DEBUG | repo=arquillian-phantom-driver | action=edit | files=4
2025-12-14 11:41:00 | WARN | repo=arquillian-phantom-driver | action=commit
2025-10-04 08:57:00 | WARN | repo=arquillian-phantom-driver | action=commit
2025-12-10 07:03:00 | DEBUG | repo=arquillian-phantom-driver | action=test | passed=true
2025-07-20 19:08:00 | DEBUG | repo=arquillian-phantom-driver | action=commit
2025-05-10 20:32:00 | DEBUG | repo=arquillian-phantom-driver | action=commit
